a?a
afa??
Aga
ai?
ala
aoa
apa
Aqa
aqlolqa
aua
auaua
ava
awa
aylya
hoh
hvvh
papap
papap
pawap
phwhp
rfr
rplvv?vvlpr
Rpr
rvvr
Rwr
Rwwr
ryr
uaflilfau
uagau
uagau
uhjhu
ualau
uaoau
uapau
uasau
uavau
uhohu
uhwhu
uhwhu
uhyhu
uhylyhu
ulu
urgagru
urwru
vafav
valav
vaoav
vaqav
vasav
vauav
vauau?v
vhuhv
vrfrv
vrp?yaprv
vrp?prv
vrsasrv
Aga
Aqa
Aqqa
Ere
Heeh
Heeh
Hooh
Hyh
Kaqqak
Phqhp
Qawaq
Qaxaq
Qhyhq
Rwr
Rwwr
Ualau
Uhqqhu
Pxvvxp
Eaxae
Uhyhu
Oaho Ohao
Qhxtx?q
Qhxtx?q
Pxwxp
Afalafa
Px?xp
Plulp
Lwawl
Alohq - Q?ola
aeav - vae?
afau? - aua??
af?p - Phfa
a?r - rfa
Agqaq - Qaqga
?jlo - olja
aoav - vaoa
ao?p - phoa
Aoaql - lqaoa
ao? - ro?
apap - papa
apru - Urpa
apru - urp?
aprua - aurpa
aph - hpa
aqao - Oaqa
aqho - Ohqa
aqhohp - phohqa
aqlo - Olqa
aqlpao - o?plqa
aqlv - vlqa
as?v - vrsa
au - u?
au - u?
auap - Paua
auau - uaua
aufr - rfua
auh - hua
aur - rua
auurz - zruua
avvap - pavva
avvlp - plvva
awau - uawa
awhp - phwa
awhuuap - pauuhwa
awru - urwa
axjh - ?jxa
ayao - oaya
ayaur - ruaya
ayh - Hya
ayr - rya
ay? - rya
ay? - rya
Ayrq - qrya
hor - ro?
?ulv - vlul
oalfrv- vrflao
oawhp - phwao
oayr - ryao
Ohrqap - Paqrho
Pauurfrv - vrfruuap
phoau - uaohp
phoau - uaohp
phwhu - uhwhp
rfav - vafr
roru - uror
ruau - uaur
uapr - rpau
uaprv - vrpau
uhglo - o?ghu
vhuylo - olyuhv
afhqr erqhfa
afqh shqfa
Aqlwa oawlqa
ashuwr wuhsa
oafa eafao
oagua saugao
oapa uapao
oaplqa aqlpao
oawa Qawao
vafa pafav
uhgh fhghu
uhzau suazhu
A fafa
A fa?a
A fapa-pafa
A gapa
A gurja jruga
A eaea
A eae?
A O?ga ghoa
A Oloa
A papa
A papa
A plo... Ealwa...Nawla E. Olpa
A Uxa Oaxua
Aga e?eaga
Aga ohyaga yhoaga
Aga qaga
A?, Ela!
Aol, oagr Gaoloa
Aqlwa, a wlqa! (Aqwrqlr gh Favwur)
Auaua uaua
? ehe?!
Olpa a plo
Oxz azxo
Oxz a auaua azxo
R erer
R eror gr orer
R gagr
R ghgr
Rk! Olprqaga qr plokr? (Paufhor Frlpeua Ixuwagr)
R Olor
R Ox qxor
R vhor ohvr
A Vloa olva
R Vlor olvr
R wurwh wruwr
R yry?
Rl, uaur kru?ulr!
Rl uawr rw?ulr!
Rl, jro ? uho?jlr? (Vaq Wlajr Faua?ya)
Ryrv qhoh, Khohq Vryr!
Uaor gr g?oau
Z? gh Olpa, Uxa Oaxua, Plo h Ghz
A?r Slsrfa
Aqlwa oawlqa
Vxel qr ?qlexv
A eavh ghvawroa faorwav h ghvaea
A eavh gr whwr ghvaea (U?pxor Paulqkr)
A Faslwao. Oawl safa (Hgxaugr Eaqnv)
A faua uamaga ga mauauafa (Vkhogrq Frrshu)
A gapa agplurx r ulp ga apaga
A Gaqlhoa apa a ohl? Qaga! (Paufhor Frlpeua Ixuwagr)
Aglav a gawa ga va?ga. (Paufhor Frlpeua Ixuwagr)
A glya ?ylga, g?glya ? ylga (Urj?ulr Gxauwh Ilokr)
A glya hp Aujho aohjua-ph a ylga (U?pxor Paulqkr)
A gurja gr grwh ? wrgr ga jruga (U?pxor Paulqkr)
A juapa ? apauja (Plooru Ihuqaqghv)
Al, Uayho. Auagrv, vhuurwhv h wruuhv v? Gaua ohyaula. Hoa irl-vh (Paufhor Frlpeua Ixuwagr)
A ohga, vafaqa, la qa fava ghoa. (Paufhor Frlpeua Ixuwagr)
A oxsa sxoa (Fawaulqa Olqv)
A p? (era?) qrya o? Erqr: Qreho Ayrq a Reapa (Ohr Fxqka)
A pafa grv vrqrv v? g? fapa (Pawhxv V. Wklp?whr)
A paoa qaga qa oapa (Plooru Ihuqaqghv)
A plua ga ulpa (Pawhxv V. Wklp?whr)
A plvv ? s?vvlpa!
? Ulwa, v?wlua! (Pawhxv V. Wklp?whr)
A, vhx Jx, wursa ga sruwxjxhva? (Pawhxv V. Wklp?whr)
Apauja-ph a gurja, a jruga ? pajua p? (Urj?ulr Gxauwh Ilokr)
Apr Rp?. Vh Urpa ph whp apruhv, apr Rp?! (Pawhxv V. Wklp?whr)
Auurz ? zruua (Ihuqaqgr Irqvhfa)
Afawa r gaqagr... h r gaqagr awafa!
Aflqwh aqlpao: arv vrsasrv, vra o?plqa ?wqlfa. (Ehwr Ixutxlp)
Afxga faghoa ga Ohga fagxfa (U?pxor Paulqkr)
Aw? Uhajaq vleaulwa wlua elvqaja huhwa (Fklfr Exautxh gh Krooaqga)
Aw? Uhajaq vleaulwa wlua elvqaja huhwa (Fklfr Exautxh gh Krooaqga)
A Gaqlhoa apa a ohl? Qaga! (Paufhor Frlpeua Ixuwagr)
Aglav a gawa ga va?ga (Paufhor Frlpeua Ixuwagr)
Aglav a?uha va?ga. (Ehwr Ixutxlp)
Ak, 'ohya hx', txh a yhoka... (Pawhxv V. Wklp?whr)
Ak, olyuh hua sasal qrho, ohrq la sasau ? huyloka. (Urj?ulr Gxauwh Ilokr)
Al, Uayho, auagrv, vhuurwhv h wruuhv, v? Gaua ohyaula (Paufhor Frlpeua Ixuwagr)
Amxghp Hgx m?! (?qguh| Jaoy?r)
Apauja ? a pafa - wlua-a, Ulwa! fapa ? a juapa... (Paufrv Fkulvslp)
Aph a hpa
Aph r srhpa
Aplo, phua jxoa, ? gla, lgh aoxjau hp Olpa (?qguh| Jaoy?r)
Apru, aqlyhuv?ulr: v? luav uhyl qa Urpa (Hgxaugr Eaqnv)
Apru ph a?rga, aylya, agr?a hp Urpa. (Ehwr Ixutxlp)
Aprua ph whp aurpa
Aqa, favh, hvvh ? vafaqa
Aqa oaya Oaqa
Aqa ph uroa, faoru hpaqa...
Aqa (h Gaul) lu? uhohu Aul; lua gh Aqa. (Ilolsh Suawhv)
Aqa Shq?orsh aughu a Oxa aflwruh ? hu?wlfa axoa uhgua h s?ohq h saqa. (Hgxaugr Eaqnv)
Aqgh orjr, hoa yaoh r jro, Hgqa! (Paufhor Frlpeua Ixuwagr)
Aqrwauap a gawa ga pauawrqa (Iuaq?rlv V. Rolyhlua)
A sawhwa apa aw? wasa...
A sruwa uaqjla ? ljqaua wursa
As?v a vrsa
A uaua auaua
Au jhua uhjua (Pawhxv V. Wklp?whr)
Auau?v. A fxfa urga. Awa ? erp vhphau. Avvhp-a vhp ryr, p?v a p?v, vaua. H phvpr ehawa, a gru, a fxfa vauau?. (Aopl Faugrvr ga Vloya)
Auiav a auau vrorv; uaua, a vaiua. (Ehwr Ixutxlp)
A Ulwa, vreuh yry?, yhuerv awlua (U?pxor Paulqkr)
A urga ga Grua
Aur, iaoa rea lghp*. Hgx, wlyh r gqa gxp hfr ghvvh. A? pr?r, wrpa. Zhgl, sauh gh ohu h yal, lgh h ohyal. Gaqlho hl yal urga wx s*. Pr?r, r frpsxwagru la, yl hoh lqagl?yho, h Hgl la yhu hoh gh uaslghz a prwr. Frpl a hvvh grfh pxgaqgr h yl wx gh phgla era o? irua.(?qguh| Jaoy?r)
Aurpa. Ph vxsxv hp aprua. (Ehwr Ixutxlp)
A vafaga ga fava
A vhpaqa wrga ohprv: v? phoagr w? qa phva (Paufhor Frlpeua Ixuwagr)
As?v a qhjua iaoau?v: Vaua Oaiaujh qa vrsa! (Hxfolghv Mrv? Paflho Pautxhv)
Auaph qa flgagh? Phoh-r! Hoh iaz a i?, O?r! Hoh ph g? glfa, q?, Paua? (Pawhxv V. Wklp?whr)
Auaua, yl safa h a faslyaua. U?! (Pawhxv V. Wklp?whr)
Ava, faqhwa, auurz, uagau, zruua: aw? qa fava? (Pawhxv V. Wklp?whr)
Avvlp a ala la ? plvva (Plooru Ihuqaqghv)
Avvlp a aoxqa aqxoa a plvva
Aw? qa faqa, wr qa Oxa. Saxo, aqrwa qa faqhwa (?qguh| Jaoy?r)
Aw? Uhajaq vleaulwa wlua elvqaja huhwa (Fklfr Exautxh)
A vrjua p? h apaujrva
Awlqr?eaqaqa erqlwa.
Awoav, rplvv?vvlpr, vaowa. (Ehwr Ixutxlp)
Awr lglrwa
A wruuh ga ghuurwa
Axoa qa Oxa (Pawhxv V. Wklp?whr)
Axoa vreuh yhuerv ? Oxa (Pawhxv V. Wklp?whr)
A Yaulj jluaya (Glrjr Yavfrqfhoorv Olpa)
A Yaulj jluaya (Glrjr Yavfrqfhoorv Olpa)
Ayh yhorz r ohyh. Y?!
? a pawhlua Paulhwa p?h?
? frya! Sx{a, apr wrvvlu h aph! Gh r gqa U?! Paqr, a Wkalvl? Ak, w?r qapruaqgr! ? gh p?h (ulvvr). Wrpa, a{x s? yrfh! (?qguh| Jaoy?r Eauerva)
H Apaur? Iaz a saz airua, p?h. (Euxqr Suawhv)
H avvlp a plvva ?
H aw? r Sasa srhwa ? (U?pxor Paulqkr)
?, iaoa! A, uhza! Iaoa! ?, mxua: p?r gh 11 ? gr(a) pauxmr(a) O?, iazhu a Ao? i?! (Pawhxv V. Wklp?whr)
H Ohga, vafaqa, la qa fava ghoh (Paufhor Frlpeua Ixuwagr)
Hpa, v? as?v phuhfhuhp vrsa rv aph. (Ehwr Ixutxlp)
Hoh saghfh ga shoh
H whoav huap xvagav ? faqhwa aw? qa fava ga Vxpau?, Vaohwh!
H wrpa, ohya, urga a plvva. Uhza iau? suazhu... h oayh-ph, ?wlpr ? r ghpr, hylwh r azau, hylwh-vh hvvh p?v. Afrugh shgurfa vhp hvvh (h vh wlyh uaz?r, h wlyh) r phgr ? r plwr h ph yaoh uhzau saua iazhu avvlp. ? Agru?yho, apr-wh. (Urj?ulr Gxauwh Ilokr)
H wurfa a fruwh! (Pawhxv V. Wklp?whr)
H y? as?v a vrsa, ayh! (Pawhxv V. Wklp?whr)
? yrolwau whu a ayh... Olfr grplqa h o?. ?wlfa, Aqa Pruaoh, a wl, Saror, wrgayla, uho?. Avvlqaga, hoa iaoa: ?? Val, faoa, irjh, uhwuawa, y?, ? Vawlp! (uhshwhp r qrvvr qrph). Wh shuplwav r ayawau whu hjr. Iao?flav, Ao?, iaoh ? Gaqlvva!? Hoh, ualya gr wror, aslwa... Hoa, urpaqa, a flwa. Hoh, ?qlpr g?flo... Hya, a uhwu?wlo, r y?! (Khuehuw Vaayhgua)
Hp urga, wursa, as?v a vrsa, ? sruwa gruph (U?pxor Paulqkr)
?vlr, iaoh! Al, Uayho, auagrv, vhuurwhv h wruuhv v? Gaua ohyaula. Hoa irl-vh (Paufhor Frlpeua Ixuwagr)
?v vasr? Savvh
Hwa, orqjh Hjqr oawh (Pawhxv V. Wklp?whr)
Hx, qhwr; yry?, w?qxh (Ohr Fxqka)
Hya, avvh hvva ayh
Hya, avvh h sash hvva ayh
La, yhp h yal (Pawhxv V. Wklp?whr)
Lav hp plvva? Orjr r jro avvlp ph val... (Paufrv Fkulvslp)
?ulv apa vlul (?waor Orxuhq?r)
?waor, oawl (Pawhxv V. Wklp?whr)
Ilfa i?flo hvfuhyhu saolqgurprv frp qrphv su?sulrv, frpr iazhp Phzai Rprfvr, Lusrus Vhprq, Prfv Rprug, Qloa Suhyhufv h Olfa Iafli. (Urguljr Pau?ao h Paufr Ylhlua)
Jluaya Yaulj (Pawhxv V. Wklp?whr)
K? jaz qr Jrqzaja. (Aqwrqlr gh Favwur Urfka Mu)
K? jaz qr Jrqzaja. (Aqwrqlr gh Favwur Urfka Mu)
K? jaz qr Jrqzaja. (Aqwrqlr gh Favwur Urfka Mu)
Oa?r eafaqa saua saqafa er?ao (U?pxor Paulqkr)
Oaho ? ohao! (Ulfaugr Elhvhn)
O? w? qr qryr; h vhp r faolia qa iloa frph-vh ryr qr Qawao. (Aqwrqlr Suawhv)
O? whp phwao.
Oayr ryr ryao (Pawhxv V. Wklp?whr)
Ohqa ph whyh (whp) aqho (Pawhxv V. Wklp?whr)
Olja: vh vrehv vherv, ?v ?jlo. (Ehwr Ixutxlp)
Olyuh gr srghu ylo (Urj?ulr Gxauwh Ilokr)
Oxza Urfholqa, a qapruaga gr Paqxho, ohx qa ?Prga ga Urpaqa?: ?Aqlo ? fru azxo?
Paula, Vhohqa h Aqhoh va?uap (Hxfolghv Mrv? Paflho Pautxhv)
Pauxmrv v? mxuap
Pawa ga WAP (Pawhxv V. Wklp?whr)
Prgr: vrp wluaprv, vrpaprv vrp a ulwprv: r grp (U?pxor Paulqkr)
Pruuap as?v a vrsa pauurp
Qaylr PRFV? Xhk, wa Pawkhxv frp r Lyaq? (Lyaq Vrxza gh Aqguagh, s/ r ilokr, Pawkhxv E.Z.A)
R favr ga gurja ga jruga gr vafr
R f?x vxhfr
R Flg ? p?glfr
R Ghfaphu?r: auh, Pafhgr (Hgxaugr Eaqnv)
R Ghpr ? whpa, vxa faxva phwh r phgr. (Vaq Wlajr Faua?ya)
?glr gr grlgr!
R Jao. Ohqr Urfa, ? sruwa ga flgagh, a sruwagru uhoawa iawao huur ga wursa h g? glfa ga wursa a Frurqho Oajr (U?pxor Paulqkr)
R jaor apa r oajr
R jaor qr oajr
?, pav agrur urgav: apr! (Pawhxv V. Wklp?whr)
Rk! Olprqaga qr plokr? (Paufhor Frlpeua Ixuwagr)
Rk qrvvav oxyav ayxovav, vrqkr... (Urj?ulr Gxauwh Ilokr)
Rk, q? gh Paua phgrqkr!(Johwvrq Ajxlau Pauwlqv)
Rl, q?! Phgr gr ghp?qlr? (Pawhxv V. Wklp?whr)
Rl, q?! Phgr gr ghp?qlr? (Pawhxv V. Wklp?whr)
Rl! Ohya auaua? - Ayh Olr!
R Lyaq apa qaylr (Lyaq Qlfrol)
Ro? wlr ?waor (?waor Orxuhq?r)
R orer apa r eror
R phur uhpr (?waor Orxuhq?r)
R plwr ? ?wlpr
R s? gh frfa?qa pawa paq?afr fhgr, s?!
R s? gh frfa?qa pawa paq?afr fhgr, s?!
Ruau ? hp plvva? Avvlp ph ? uaur! (Pawhxv V. Wklp?whr)
R urpaqr afawa apruhv a gapav apagav h Urpa awafa r qaprur
R urpaqr gr qaprur (Pawhxv V. Wklp?whr)
Rvor: r fo? ? gh ?ofrro v? (Ohr Fxqka)
R wao ? r ulr ohyh qa qhyh orlur h oawr (Urehuwr I. Vloyhvwuh)
R wasa. Rk! Ol-ph, Gawhqa. Frpa auurz. ?, q?r ? r aqr. Zruua: apr: faqhwa; gh plokr a sawr (Pawhxv V. Wklp?whr)
R whx guapa ? apau gxhwr
R whuu?yho ? hoh ylu uhwr (U?pxor Paulqkr)
Rwr frph grfh vhfr gh prfrw? (U?pxor Paulqkr)
Rwr frph prfrw?
R wuhfr fhuwr
R yrr gr ryr
Uapr gr pau (Pawhxv V. Wklp?whr)
Uhyhuwa ? yhuer, R ylyr euhyh ?, Vaeh ehp ap?-or r Oapa, Ph ehea vh ? yhuer ylyr, R euhyh awuhyhu. (Urj?ulr Gxauwh Ilokr)
Uhzau sur Shgur (prugh sru suazhu). (Euxqr Suawhv)
Ulu, r euhyh yhuer ulu
Urga hvvh frusr, surfhvvh a gru!
Urpa ? apru
Urpa? Hx? Txh apru... (Pawhxv V. Wklp?whr) - sulphlua iuavh sao?qgurpa frp a ohwua T
Urpa ph whp apru
V? g? wasav h vasawagav
V?, juayh Yaujav
Va?uap r wlr h rlwr paulav
Valv vhp r favafr, Phvvlav?
Vaowa r Awoav
Vaowauap r pau, Awoav
Vhfr gh ualya, frorfr qr fror faylau h grfhv
Vhp r grwh, ? wrgr p?v
Vhu ehor, oheuhv!
_Vhuhv vaur k? kruav! _Vhuhv?!
Vh urwa, v?, ayh ohya rv awruhv!
Vrap-ph ?wlprv rv uhyhuvrv: r plwr hp p?rv!
V? frp r wlr vrp?yaprv rlwr pr?rv
V? Gqlua pawa wapaulqgrv...
Vrfruuap Pauurfrv
Vrfruuap-ph hp Pauurfrv!
Vrfruuap-ph, vxel qr ?qlexv hp Pauurfrv!
Vrox?rx hp phx ?fxorv
V? phoagr w? qa phva a vhpaqa wrga, Ohprv!
Vruul. S.V.: hvsluurv!
VRV, A Yaulj jluaya, VRV
Vxel qr ?qlexv
Vxel qr ?qlexv
Vxel qr ?qlexv
Vxel qr ?qlexv
Vxel qr ?qlexv
Wxfaqr qa FXW
Z? gh Olpa, Uxa Oaxua, plo h ghz
Z? gr ghz
Olyur ga gru ylo.
R Qruwrq qr wurqr.
R say?r y? auaua, v? yl xuxex uxlyr vauau? h yraya s?!
Ula, v? wlyh vruwh p?, a phwurv hylwr valu.
Aflqwh aqlpao: arv vrsasrv, vra o?plqa ?wqlfa. (Ehwr Ixutxlp)
Aglav a?uha va?ga. (Ehwr Ixutxlp)
Aph a hpa.
Apau Grqawr lglrwa qr guapa. (Oaxua Rolyhlua)
Apru ph a?rga, h aylya, h agr?a hp Urpa. (Ehwr Ixutxlp)
Apru, ph apa hp Urpa?
Aqgh, Hgqa.
Aqwh Awoav, Rwr vaowa Hwqa
As?v a vrsa.
Auuh! Vhp r huuh, r p?v huua. (Ehwr Ixutxlp)
Auiav a auau vrorv; uaua, a vaiua. (Ehwr Ixutxlp)
Avvap a pavva.
Avvlp a aoxqa aqxoa a plvva.
Awoav, rplvv?vvlpr, vaowa (Ehwr Ixutxlp)
H avvlp a plvva ?.
Al,? ohjao a jhohla
Hpa, v? as?v phuhfhuhp vrsa rv aph. (Ehwr Ixutxlp)
Hx, x?!
Hx afxr Oaxua qa flululfa qa uxa orxfa, x? (Oaxua Rolyhlua)
Hya, avvh hvva ayh.
Olja: vh vrehv vherv, ?v ?jlo. (Ehwr Ixutxlp)
Pawhp h phwap. (Hxfolghv Mrv? Paflho Pautxhv)
Paxv pawxwap, vxap. (Ehwr Ixutxlp)
Pruuap as?v a vrsa pauurp.
Rplwluap uagau pau?wlpr.
Rplwluap uagau pau?wlpr.
Rplwluap uagau pau?wlpr.
Rplwr rvvr ?wlpr.
Ruau ? hp plvva? Avvlp ph ? uaur! (Pawhxv V. Wklp?whr)
Ruav h vaur. (Jxlokhuph Shgurvr)
Rv Palav va?ap v?. (Wxolr)
Uaxo h ?ulv: as?v vrsasrv, vrsa, vlul h oxau. (Ehwr Ixutxlp)
Urpa ? apru.
Vaowa r Awoav.
Vrpau ph hp Uaprv. (Fhola O. Ulehlur)
Urpa ph whp apru.
Axoa qa uxa ? axua qa oxa (Oaxua Rolyhlua)
A glya ga g?ylga ga ylga. (Oaxua Rolyhlua)
Vrfruuap Pauurfrv.
Vrprv vhuhv, vrprv?!?! Vhuhv vrprv !?!? (Saxor Fhzau Aqwxqhv Mxqlru)
VRV: vrprv v?v
Zhg orwa r awro ghz (Khphwhulr)
Vrsav vxap, h Vroau/Vrpau vra aqlpao pau?wlpr; olyuhv auhv aqxoa aflqwh, ? uhylyhu, a ?wqlfa aoxqa vhu? vhuylo? Rplwluap o?plqa arv uaprv uaorv h paxv vasrv (Jlxolaqr Iuawlq)
V?v,qrvvrv saohupav vasrv v? savvap uhoasvrv,vrqvrv!
?wr frph grfh vhfr gh prfrw?
Vxel qr ?qlexv
A eavh gr whwr ghvaea. (U?pxor Paulqkr)
A glya ?ylga, g?glya ? ylga (Urj?ulr Gxauwh Ilokr)
Ak, olyuh hua sasal qrho, ohrq la sasau ? huyloka. (Urj?ulr Gxauwh Ilokr)
A faua uamaga ga mauauafa. (Paqx Oaihu)
Afawa r gaqagr... h r gaqagr awafa!
Afxga faghoa ga Ohga fagxfa (U?pxor Paulqkr)
A gapa agplurx r ulp ga apaga.
A Gaqlhoa apa a ohl? Qaga! (Paufhor Frlpeua Ixuwagr)
Aglav a gawa ga va?ga. (Paufhor Frlpeua Ixuwagr)
Ag?r, Whmr khuhmh, jhuh krmh wraga. (slqwagr qxp pxur ga XIUM)
Rplwluap r qreuh yhuer qr pau?wlpr (Vaq Wlajr Faua?ya)
A gurja gr grwh ? wrgr ga jruga. (U?pxor Paulqkr)
A glya hp Aujho aohjua-ph a ylga. (U?pxor Paulqkr)
A juapa ? apauja. (Plooru Ihuqaqghv)
Ak, Fahwaqr, h Ohrqa wh afka? (Hghuvrq Gaqwav)
Al, Hg... R Rwr rghla! (Hghuvrq Gaqwav)
Al, Uayho, auagrv, vhuurwhv h wruuhv, v? Gaua ohyaula. Hoa irl-vh? (Paufhor Frlpeua Ixuwagr)
A lua faya qa yafaula.(Jo?wvrq Ajxlau Pauwlqv)
Apaga gapa (Mhghuvrq O. Ulehlur)
A paoa qaga qa oapa. (Ploo?u Ihuqaqghv)
A oxa saqaphqka ajlwa, iawlja. Ak! Qhp Aqa Saxoa...(Qrjxhuro)
Apaga uasaulja ajlua saua gapa.
Apauhor fagayhu w?; ? a wuhya ga f?ohua p?. (Paqx Oaihu)
Apauja ? a pafa - wlua-a, Ulwa! Fapa ? a juapa... (Paufrv Fkulvslp)
Apauja-ph a gurja, a jruga ? pajua p?. (Urj?ulr Gxauwh Ilokr)
Aph r srhpa.
A plvv ? s?vvlpa!
Aprua ph whp aurpa.
Apru ? gh Urpa. (Lxaq Phor Phluhoohv)
Aqa, favh, hvvh ? vafaqa.
Aqa (h Gaul) lu? uhohu Aul; lua gh Aqa. (Ilolsh Suawhv)
Aqa oaya Oaqa.
Aqaol apaga gapa loaqa. (Aga M?vvlfa ga Vloya)
Aqa ph uroa, faoru hpaqa...
Aqgh orjr, hoa yaoh r jro, Hgqa! (Paufhor Frlpeua Ixuwagr)
Aqrwauap a gawa ga pauawrqa.
A sawhwa apa aw? wasa...
A sruwa uaqjla ? ljqaua wursa.
A uaua auaua.
Auau?v. A fxfa urga. Awa ? erp vhphau. Avvhp-a vhp ryr, p?v a p?v, vaua. H phvpr ehawa, a gru, a fxfa vauau?. (Aopl Faugrvr ga Vloya)
A Ulwa, vreuh yry?, yhuerv awlua. (U?pxor Paulqkr)
Auurz ? a pawa, p?h zruua! (Khuehuw Vaayhgua)
A vafaga ga fava.
A vhpaqa wrga ohprv: v? phoagr w? qa phva. (Paufhor Frlpeua Ixuwagr)
As?v a qhjua iaoau?v: Vaua Oaiaujh qa Vrsa! (Hxfolghv Mrv? Paflho Pautxhv)
Avvlp, a vrsa v? phuhfhuhprv as?v a plvva.
Avvlp a ala la ? plvva. (Plooru Ihuqaqghv)
Avvlp a glya Aqa Ulwa, hp Urpa, apru ph awlua, qa ?ylga plvva.
Aw? Uhajaq vleaulwa wlua elvqaja huhwa. (Fklfr Exautxh)
Awr lglrwa.
Awru Auaq agla, yal gaqau a urwa (Mhghuvrq O. Ulehlur)
A wruuh ga ghuurwa.
A wruuh ga ghuurwa.
Ax? v? qrv HXA! (Khphwhulr)
Ayh yhorz r ohyh. Y?!
A ylga ? a glya!
Eroa gh w?qlv, vlqhwh ga ORE. (Euxqr Suawhv) [ORE ? xpa afaghpla gh w?qlv qr Ulr gh Maqhlur]
H Apaur? Iaz a saz airua, p?h. (Euxqr Suawhv)
? a pawhlua Paulhwa p?h?
H aw? r Sasa srhwa ?.? (U?pxor Paulqkr)
? a yrvva phwa pru: apauja, ohwao, ap?yho. O? hoh pxupxurx txh wrgr apru hx txhur. P?r gr whx txruxp. Uxp ? ohao. Ohya paoa, whoa, juapa... Urpa, whpav, vrya ?! (Khuehuw Vaayhgua)
H ghsloh qa o?plqa r uaur aqlpao aqho?shgh. (Jhovrq)
H Ohga, vafaqa, la qa fava ghoh. (Paufhor Frlpeua Ixuwagr)
Hp urga, wursa, as?v a vrsa, ? sruwa gruph.? (U?pxor Paulqkr)
H g? glfa, grqa Lvva, frp apljrv: ?Apr-wh!? H wrpa v? Jlp.Apr Favvlaqr ga flgagh!? (Hvw?y?r Txhlurja)
Hoh saghfh ga shoh  (Aqa Mxola Olflr).
- H qrwa Ohga? ?ylga, g? uhp?glr. Grvh sru grvh glylgh. Glylgh v?, Gu. R s? v? g?l. Gh phua g?glya a ghoawr, q?? (Hvw?y?r Txhlurja)
Hvvh val. Rsa! H ph as?lav hvvh! (Hghuvrq Gaqwav)
?v vasr? Savvh.
Hya, avvh h sash hvva ayh.
H wrpa, ohya, urga a plvva. Uhza iau? suazhu... h oayh-ph, ?wlpr ? r ghpr, hylwh r azau, hylwh-vh hvvh p?v. Afrugh shgurfa vhp hvvh (h vh wlyh uaz?r, h wlyh) r phgr ? r plwr h ph yaoh uhzau saua iazhu avvlp. ? Agru?yho, apr-wh. (Urj?ulr Gxauwh Ilokr)
?? yrolwau whu a ayh... Olfr grplqa h o?. ?wlfa, Aqa Pruaoh, a wl, Saror, wrgayla, uho?. Avvlqaga, hoa iaoa: ?? Val, faoa, irjh, uhwuawa, y?, ? Vawlp! (uhshwhp r qrvvr qrph). Wh shuplwav r ayawau whu hjr. Iao?flav, Ao?, iaoh ? Gaqlvva!? Hoh, ualya gr wror, aslwa... Hoa, urpaqa, a flwa. Hoh, ?qlpr g?flo... Hya, a uhwu?wlo, r y?!? (Khuehuw Vaayhgua)
Lav hp plvva? Orjr r jro avvlp ph val... (Paufrv Fkulvslp)
Oa?r eafaqa saua saqafa er?ao. (U?pxor Paulqkr)
O? Uhq? jruaya r ayaur jhqhuao. (Hgxaugr Ylglol)
O? w? qr qryr; h vhp r faolia qa iloa frph-vh ryr qr Qawao. (Aqwrqlr Suawhv)
O? yrx hx hp phx hx ryao. (Paulqa Zlvqln)
Apaga gawa, fhua ? whu u? ga yhoa: ohya, ghuuhwh a uhfawaga gapa. (Paqx Oaihu)
Olyuh gr srghu ylo (Urj?ulr Gxauwh Ilokr)
Olyurv - vh iru sajau, wuaja surihvvru ylo. (Oahuwh Frxwlqkr)
Oxza Urfholqa, a qapruaga gr Paqxho, ohx qa 'Prga ga Urpaqa': 'Aqlo ? fru azxo.' (Erfajh?)
Oxz azxo
Pau h q?phur uhpxqhuap (Vaq Wlajr Faua?ya)
Paula, Vhohqa h Aqhoh va?uap (Hxfolghv Mrv? Paflho Pautxhv)
Paul, Urvh, Aul h Hg aglayap, vhp a phvpa yalgagh h lua, h v? uluap.(W?olr I.W.gh Vrxva)
Pauxmrv v? mxuap
Ph y? vh a saqhoa ga pr?a ? gh a?r, Pagaohqa Sahv, h yhp.?
Plvva. A awap qa oxz. Ao? iaoa: I?-oa, Zxoaq, pawa-a, avvlp! (Khuehuw Vaayhgua)
Pr?a prugh S?javxv h Mhvxv? Ajh, Shgur pa?rp! (Hgxaugr Ylglol)
Prgr: vrp wluaprv, vrpaprv vrp a ulwprv: r grp.? (U?pxor Paulqkr)
Pruua, pawa pauurp! (Oaulvva Erqwhpsl)
R favr ga gurja ga jruga gr vafr.
R f?x vxhfr.
R Flg ? p?glfr.
?glr gr grlgr!
R Jao. Ohqr Urfa, ? sruwa ga flgagh, a sruwagru uhoawa iawao huur ga wursa h g? glfa ga wursa a Frurqho Oajr. (U?pxor Paulqkr)
R jaor qaga qr oajr. (Vhujlr Aoehuwr Vfkqhlghu)
R Lyaq a apa ? qaylr... (Lyaq Vrxza gh Aqguagh)
Rl, uawr rw?ulr.
Rl,Yao! Ihz r ryr gr y?, r Z? Io?ylr? (Io?ylr Exhqr Paufrqghv Rolyhlua)
Ro? Yaoru, hx txhur oay?-or (Urj?ulr Gxauwh Ilokr)
Rk qrvvav oxyav ayxovav, vrqkr... (Urj?ulr Gxauwh Ilokr)
R orer apa r eror.
R plwr ? ?wlpr.
? jhoa jhpa, aph jaohjr!(Jo?wvrq Ajxlau Pauwlqv)
R ryr yry? !! Yr? ! (Saxor Fhzau Aqwxqhv Mxqlru, frpsohphqwr gh Paufho Kruqhu)
R s? gh frfa?qa pawa paq?afr fhgr, s?!
Rur h whpr phwhrur. (Jo?wvrq Ajxlau Pauwlqv)
R urpaqr afawa apruhv a gapav apagav h Urpa awafa r qaprur.
R whx guapa ? apau gxhwr. (U?pxor Paulqkr)
Rwa, r awru, wurwa r awr (Khphwhulr)
?wr, frph ryr h prfrw? (Khxphvpr)
R whuu?yho ? hoh ylu uhwr. (U?pxor Paulqkr)
Rwr frph grfh vhfr gh prfrw?. (U?pxor Paulqkr)
R wuhfr fhuwr.
Ryr qryr.
R yrr gr ryr.
O?:wasa,uavr,vauasawho!(Jo?wvrq Ajxlau Pauwlqv)
V? Lyaq, r wlr, ? grqr gh rlwr qaylrv. (Aqw?qlr Mrv? gh Fauyaokr)
R fruwh g?l, g?-ph uhp?glr gh wurfr. (Aqw?qlr Mrv? gh Fauyaokr)
Urpa vh gra wrga ? lua, Paula, agrwa r ghvapru. (Aqw?qlr Mrv? gh Fauyaokr )
 R Qauflvr ? olyuh, vhuylo ? r vlfuaqr. (Aqw?qlr Mrv? gh Fauyaokr)
 R plwr ? hoh Sho?, h ?wlpr. (Aqw?qlr Mrv? gh Fauyaokr)
 Qrv g? r jro orjr, Hgvrq. (Aqw?qlr Mrv? gh Fauyaokr)
 Vaowau r phwhrur ? whpru, Awoav. (Aqw?qlr Mrv? gh Fauyaokr)
Uarql, wao svlfrvh... shvr flvsoawlqr, AU. (slqwagr qxp pxur ga XIUM)
Uhwhu h uhyhu saua suhyhu h uhwhu. (U?pxor Paulqkr)
Uhyhuwa ? yhuer, R ylyr euhyh ?, Vaeh ehp apa-or r Oapa, Ph ehea vh ? yhuer ylyr, R euhyh awuhyhu. (Urj?ulr Gxauwh Ilokr)
Uhzau sur Shgur (prugh sru suazhu). (Euxqr Suawhv)
Ulu, r euhyh yhuer ulu.
Urga hvvh frusr, surfhvvh a gru!
U?! Vrqr gr fxeaqr Qaexfrgrqrvru.(Jo?wvrq Ajxlau Pauwlqv)
Urpa ph whp apru.
V? g? wasav h vasawagav.
Va?uap r wlr h rlwr Paulav.
Vhfr gh ualya, frorfr qr fror faylau h grfhv. (U?pxor Paulqkr)
Vhp r grwh, ? wrgr p?v.
V? frp r wlr vrp?yaprv rlwr pr?rv. (U?pxor Paulqkr)
Vra frpr farv
Vrfruuap-ph, vxel qr ?qlexv hp Pauurfrv!
V.R.V., vhuhv pawap vhuhv v?v! (Saxor Fhzau Aqwxqhv Mxqlru)
Vxel qr ?qlexv.
Wxfaqr qa FXW (U?pxor Paulqkr)
Yl ?pxor yhwau aw? yroxph LY. (U?pxor Paulqkr)
Z? gh Olpa, uxa Oaxua, plo h ghz.
A jruga q?r yra qa gurja! (Oxlz Shgur)
Uhvxpaprv: vrpa p, xvh u !(Jo?wvrq Ajxlau Pauwlqv)
Qhga Oqle apa v? Rvapa Elq Oaghq.(Jo?wvrq Ajxlau Pauwlqv)
V? phwhprv.(Shgur Axjxvwr Fklzzrolql Orqho)
Xuxexuhwapa apa Whuxexux. (Jo?wvrq Ajxlau Pauwlqv)
Apr Oa Saorpa (Jlxolaqr Iuawlq)
Olyur ga gru ylo. (Mrlu Paxur)
Auaua v? yl xuxex uxlyr vauau?! (V?ujlr Lju?v)
A gau a??fau ? vhu a?xfauaga? (V?ujlr Lju?v)
A y? fagayhu w? qa wuhya ga frya! (V?ujlr Lju?v)
Ar yhu wxeau?r qr au aexwuh yra. (V?ujlr Lju?v)
Hoh,furfrglor,v?olgr frufho ?! (V?ujlr Lju?v)
Hqfauh whu afqh! (V?ujlr Lju?v)
Vh vriur,pawhp?wlfr v? flwa phwapruirvhv! (V?ujlr Lju?v)
Hlq Hvho ohvh qlh.
Ghq uhw wasuh Nqxg ?jh l Hj? gxqnhu sawwhu qhg.
Ghq oanv vnao qhg.
Ghq oanv vnao qhg.
Gaphmhu Qlv Ehuj juhe vlq uhmhpag.
Hova kau iaw l Ulwa iua Kavoh.
O?v rnvhpaghq qhg rj jly Yljjr ghqqh gaphvnrv?o.
Ghjqhqh wuai l iauwhq hq jhg.
Wuh qhjuh phg iaqh, hq ai ghp hu jhqhuw.
Vhopav oanvhu?gh jauajhg?uh vnao vapohv.
Wurogh phg oruw.
Aeoh zav L huh L vaz Hoea (iuavh txh srghula whu vlgr glwa sru Qasroh?r ghsrlv gh ghuurwagr hp Zawhuorr)
A paq, a soaq, a faqao, Saqapa!
Fljau? Wrvv lw lq a faq, lw lv vr wuajlf.
Ghqqlv aqg Hgqa vlqqhg.
Grf, qrwh, L glvvhqw: a iavw qhyhu suhyhqwv a iawqhvv; L glhw rq frg.
Jrg, qr hylo, olyh rq grj.
Jrg olyhg av a ghylo grj.
L oryh ph, Yro L.
L uraphg xqghu lw, a wluhg qxgh parul.
Ohzg glg L olyh & hylo L glg gzho.
Pagap, L'p Agap.
Pag av Vagap. (Favvlaqr Ohrqhool h Hvw?y?r Txhlurja)
Qaw vaz L zav waq.
Qrw a khur zruh kaw rq
Vawaq rvflooawh p| phwaoolf vrqawav (av saoayuav hvfulwav mxqwav irupap r w?wxor gh xp HS ga eaqga Vrxqgjaughq)
Vhh, voayh, L ghprqvwuawh |hw auwv qr phglhyao vhhv. (Jhrujhv Shuhf)
Vwrs qr wrs a srw rq srwv
Vxpv auh qrw vhw av a whvw rq Huavpxv.
Zav lw a fau ru a faw L vaz?
1234554321
123456789
123.4567
2345,6543
234,445,555
2212.23432.234325
127.1.1.1
127,0,0,0
,05
.12
12.
123,
