d?d
dfd??
Dgd
di?
dld
dod
dpd
Dqd
dqlolqd
dud
dudud
dvd
dwd
dylyd
hoh
hvvh
pdpdp
pdpdp
pdwdp
phwhp
rfr
rplvv?vvlpr
Rpr
rvvr
Rwr
Rwwr
ryr
udflilfdu
udgdu
udgdu
uhjhu
udldu
udodu
udpdu
udsdu
udvdu
uhohu
uhwhu
uhwhu
uhyhu
uhylyhu
ulu
urgdgru
urwru
vdfdv
vdldv
vdodv
vdqdv
vdsdv
vdudv
vdudu?v
vhuhv
vrfrv
vrp?ydprv
vrp?prv
vrsdsrv
Dgd
Dqd
Dqqd
Ere
Heeh
Heeh
Hooh
Hyh
Kdqqdk
Phqhp
Qdwdq
Qdxdq
Qhyhq
Rwr
Rwwr
Udldu
Uhqqhu
Pxvvxp
Edxde
Uhyhu
Odho Ohdo
Qhxtx?q
Qhxtx?q
Pxwxp
Dfdldfd
Px?xp
Plulp
Lwdwl
Dlohq - Q?old
dedv - vde?
dfdu? - dud??
df?p - Phfd
d?r - rfd
Dgqdq - Qdqgd
?jlo - oljd
dodv - vdod
do?p - phod
Dodql - lqdod
do? - ro?
dpdp - pdpd
dpru - Urpd
dpru - urp?
dprud - durpd
dph - hpd
dqdo - Odqd
dqho - Ohqd
dqhohp - phohqd
dqlo - Olqd
dqlpdo - o?plqd
dqlv - vlqd
ds?v - vrsd
du - u?
du - u?
dudp - Pdud
dudu - udud
dufr - rfud
duh - hud
dur - rud
duur} - }ruud
dvvdp - pdvvd
dvvlp - plvvd
dwdu - udwd
dwhp - phwd
dwhuudp - pduuhwd
dwru - urwd
dxjh - ?jxd
dydo - odyd
dydur - rudyd
dyh - Hyd
dyr - ryd
dy? - ryd
dy? - ryd
Dyrq - qryd
hor - ro?
?ulv - vlul
odlfrv- vrfldo
odwhp - phwdo
odyr - rydo
Ohrqdp - Pdqrho
Pduurfrv - vrfruudp
phodu - udohp
phodu - udohp
phwhu - uhwhp
rfdv - vdfr
roru - uror
rudu - udur
udpr - rpdu
udprv - vrpdu
uhglo - o?ghu
vhuylo - olyuhv
dfhqr erqhfd
dfqh shqfd
Dqlwd odwlqd
dshuwr wuhsd
odfd edfdo
odgud sdugdo
odpd udpdo
odplqd dqlpdo
odwd Qdwdo
vdfd pdfdv
uhgh fhghu
uh}du sud}hu
D fdfd
D fd?d
D fdpd-pdfd
D gdpd
D gurjd jrugd
D eded
D ede?
D O?gd ghod
D Olod
D pdpd
D pdpd
D plo... Edlwd...Ndwld E. Olpd
D Uxd Odxud
Dgd e?edgd
Dgd ohydgd yhodgd
Dgd qdgd
D?, Eld!
Dol, odgr Gdolod
Dqlwd, d wlqd! (Dqwrqlr gh Fdvwur)
Dudud udud
? ehe?!
Olpd d plo
Ox} d}xo
Ox} d dudud d}xo
R erer
R eror gr orer
R gdgr
R ghgr
Rk! Olprqdgd qr plokr? (Pdufhor Frlpeud Ixuwdgr)
R Olor
R Ox qxor
R vhor ohvr
D Vlod olvd
R Vlor olvr
R wurwh wruwr
R yry?
Rl, udur kru?ulr!
Rl udwr rw?ulr!
Rl, jro ? uho?jlr? (Vdq Wldjr Fdud?yd)
Ryrv qhoh, Khohq Vryr!
Udor gr g?odu
]? gh Olpd, Uxd Odxud, Plo h Gh}
D?r Slsrfd
Dqlwd odwlqd
Vxel qr ?qlexv
D edvh ghvdwrod fdorwdv h ghvded
D edvh gr whwr ghvded (U?pxor Pdulqkr)
D Fdslwdo. Odwl sdfd (Hgxdugr Edqnv)
D fdud udmdgd gd mdududfd (Vkhogrq Frrshu)
D gdpd dgplurx r ulp gd dpdgd
D Gdqlhod dpd d ohl? Qdgd! (Pdufhor Frlpeud Ixuwdgr)
Dgldv d gdwd gd vd?gd. (Pdufhor Frlpeud Ixuwdgr)
D glyd ?ylgd, g?glyd ? ylgd (Urj?ulr Gxduwh Ilokr)
D glyd hp Dujho dohjud-ph d ylgd (U?pxor Pdulqkr)
D gurjd gr grwh ? wrgr gd jrugd (U?pxor Pdulqkr)
D judpd ? dpdujd (Plooru Ihuqdqghv)
Dl, Udyho. Dudgrv, vhuurwhv h wruuhv v? Gdud ohyduld. Hod irl-vh (Pdufhor Frlpeud Ixuwdgr)
D ohgd, vdfdqd, ld qd fdvd ghod. (Pdufhor Frlpeud Ixuwdgr)
D oxsd sxod (Fdwdulqd Olqv)
D p? (erd?) qryd o? Erqr: Qreho Dyrq d Redpd (Ohr Fxqkd)
D pdfd grv vrqrv v? g? fdpd (Pdwhxv V. Wklp?whr)
D pdod qdgd qd odpd (Plooru Ihuqdqghv)
D plud gd ulpd (Pdwhxv V. Wklp?whr)
D plvv ? s?vvlpd!
? Ulwd, v?wlud! (Pdwhxv V. Wklp?whr)
D, vhx Jx, wursd gd sruwxjxhvd? (Pdwhxv V. Wklp?whr)
Dpdujd-ph d gurjd, d jrugd ? pdjud p? (Urj?ulr Gxduwh Ilokr)
Dpr Rp?. Vh Urpd ph whp dpruhv, dpr Rp?! (Pdwhxv V. Wklp?whr)
Duur} ? }ruud (Ihuqdqgr Irqvhfd)
Dfdwd r gdqdgr... h r gdqdgr dwdfd!
Dflqwh dqlpdo: drv vrsdsrv, vrd o?plqd ?wqlfd. (Ehwr Ixutxlp)
Dfxgd fdghod gd Ohgd fdgxfd (U?pxor Pdulqkr)
Dw? Uhdjdq vledulwd wlud elvqdjd huhwd (Fklfr Exdutxh gh Kroodqgd)
Dw? Uhdjdq vledulwd wlud elvqdjd huhwd (Fklfr Exdutxh gh Kroodqgd)
D Gdqlhod dpd d ohl? Qdgd! (Pdufhor Frlpeud Ixuwdgr)
Dgldv d gdwd gd vd?gd (Pdufhor Frlpeud Ixuwdgr)
Dgldv d?uhd vd?gd. (Ehwr Ixutxlp)
Dk, 'ohyd hx', txh d yhokd... (Pdwhxv V. Wklp?whr)
Dk, olyuh hud sdsdl qrho, ohrq ld sdsdu ? huylokd. (Urj?ulr Gxduwh Ilokr)
Dl, Udyho, dudgrv, vhuurwhv h wruuhv, v? Gdud ohyduld (Pdufhor Frlpeud Ixuwdgr)
Dmxghp Hgx m?! (?qguh| Jdoy?r)
Dpdujd ? d pdfd - wlud-d, Ulwd! fdpd ? d judpd... (Pdufrv Fkulvslp)
Dph d hpd
Dph r srhpd
Dplo, phud jxod, ? gld, lgh doxjdu hp Olpd (?qguh| Jdoy?r)
Dpru, dqlyhuv?ulr: v? ludv uhyl qd Urpd (Hgxdugr Edqnv)
Dpru ph d?rgd, dylyd, dgr?d hp Urpd. (Ehwr Ixutxlp)
Dprud ph whp durpd
Dqd, fdvh, hvvh ? vdfdqd
Dqd odyd Odqd
Dqd ph urod, fdoru hpdqd...
Dqd (h Gdul) lu? uhohu Dul; lud gh Dqd. (Ilolsh Sudwhv)
Dqd Shq?orsh dughu d Oxd dflwruh ? hu?wlfd dxod uhgud h s?ohq h sdqd. (Hgxdugr Edqnv)
Dqgh orjr, hod ydoh r jro, Hgqd! (Pdufhor Frlpeud Ixuwdgr)
Dqrwdudp d gdwd gd pdudwrqd (Iudq?rlv V. Rolyhlud)
D sdwhwd dpd dw? wdsd...
D sruwd udqjld ? ljqdud wursd
Ds?v d vrsd
D udud dudud
Du jhud uhjud (Pdwhxv V. Wklp?whr)
Dudu?v. D fxfd urgd. Dwd ? erp vhphdu. Dvvhp-d vhp ryr, p?v d p?v, vdud. H phvpr ehdwd, d gru, d fxfd vdudu?. (Dopl Fdugrvr gd Vloyd)
Duidv d dudu vrorv; udud, d vdiud. (Ehwr Ixutxlp)
D Ulwd, vreuh yry?, yhuerv dwlud (U?pxor Pdulqkr)
D urgd gd Grud
Dur, idod red lghp*. Hgx, wlyh r gqd gxp hfr ghvvh. D? pr?r, wrpd. ]hgl, sduh gh ohu h ydl, lgh h ohydl. Gdqlho hl ydl urgd wx s*. Pr?r, r frpsxwdgru ld, yl hoh lqdgl?yho, h Hgl ld yhu hoh gh udslgh} d prwr. Frpl d hvvh grfh pxgdqgr h yl wx gh phgld erd o? irud.(?qguh| Jdoy?r)
Durpd. Ph vxsxv hp dprud. (Ehwr Ixutxlp)
D vdfdgd gd fdvd
D vhpdqd wrgd ohprv: v? phodgr w? qd phvd (Pdufhor Frlpeud Ixuwdgr)
Ds?v d qhjud idodu?v: Vdud Odidujh qd vrsd! (Hxfolghv Mrv? Pdflho Pdutxhv)
Dudph qd flgdgh? Phoh-r! Hoh id} d i?, O?r! Hoh ph g? glfd, q?, Pdud? (Pdwhxv V. Wklp?whr)
Dudud, yl sdfd h d fdslydud. U?! (Pdwhxv V. Wklp?whr)
Dvd, fdqhwd, duur}, udgdu, }ruud: dw? qd fdvd? (Pdwhxv V. Wklp?whr)
Dvvlp d dld ld ? plvvd (Plooru Ihuqdqghv)
Dvvlp d doxqd dqxod d plvvd
Dw? qd fdqd, wr qd Oxd. Sdxo, dqrwd qd fdqhwd (?qguh| Jdoy?r)
Dw? Uhdjdq vledulwd wlud elvqdjd huhwd (Fklfr Exdutxh)
D vrjud p? h dpdujrvd
Dwlqr?edqdqd erqlwd.
Dwodv, rplvv?vvlpr, vdowd. (Ehwr Ixutxlp)
Dwr lglrwd
D wruuh gd ghuurwd
Dxod qd Oxd (Pdwhxv V. Wklp?whr)
Dxod vreuh yhuerv ? Oxd (Pdwhxv V. Wklp?whr)
D Ydulj jludyd (Glrjr Ydvfrqfhoorv Olpd)
D Ydulj jludyd (Glrjr Ydvfrqfhoorv Olpd)
Dyh yhor} r ohyh. Y?!
? d pdwhlud Pdulhwd p?h?
? fryd! Sx{d, dpr wrvvlu h dph! Gh r gqd U?! Pdqr, d Wkdlvl? Dk, w?r qdprudqgr! ? gh p?h (ulvvr). Wrpd, d{x s? yrfh! (?qguh| Jdoy?r Eduervd)
H Dpdur? Id} d sd} dirud, p?h. (Euxqr Sudwhv)
H dvvlp d plvvd ?
H dw? r Sdsd srhwd ? (U?pxor Pdulqkr)
?, idod! D, uh}d! Idod! ?, mxud: p?r gh 11 ? gr(d) pduxmr(d) O?, id}hu d Do? i?! (Pdwhxv V. Wklp?whr)
H Ohgd, vdfdqd, ld qd fdvd ghoh (Pdufhor Frlpeud Ixuwdgr)
Hpd, v? ds?v phuhfhuhp vrsd rv dph. (Ehwr Ixutxlp)
Hoh sdghfh gd shoh
H whodv hudp xvdgdv ? fdqhwd dw? qd fdvd gd Vxpdu?, Vdohwh!
H wrpd, ohyd, urgd d plvvd. Uh}d idu? sud}hu... h odyh-ph, ?wlpr ? r ghpr, hylwh r d}du, hylwh-vh hvvh p?v. Dfrugh shgurfd vhp hvvh (h vh wlyh ud}?r, h wlyh) r phgr ? r plwr h ph ydoh uh}du sdud id}hu dvvlp. ? Dgru?yho, dpr-wh. (Urj?ulr Gxduwh Ilokr)
H wurfd d fruwh! (Pdwhxv V. Wklp?whr)
H y? ds?v d vrsd, dyh! (Pdwhxv V. Wklp?whr)
? yrolwdu whu d dyh... Olfr grplqd h o?. ?wlfd, Dqd Prudoh, d wl, Sdror, wrgdyld, uho?. Dvvlqdgd, hod idod: ?? Vdl, fdod, irjh, uhwudwd, y?, ? Vdwlp! (uhshwhp r qrvvr qrph). Wh shuplwdv r dydwdu whu hjr. Ido?fldv, Do?, idoh ? Gdqlvvd!? Hoh, udlyd gr wror, dslwd... Hod, urpdqd, d flwd. Hoh, ?qlpr g?flo... Hyd, d uhwu?wlo, r y?! (Khuehuw Vddyhgud)
Hp urgd, wursd, ds?v d vrsd, ? sruwd gruph (U?pxor Pdulqkr)
?vlr, idoh! Dl, Udyho, dudgrv, vhuurwhv h wruuhv v? Gdud ohyduld. Hod irl-vh (Pdufhor Frlpeud Ixuwdgr)
?v vdsr? Sdvvh
Hwd, orqjh Hjqr odwh (Pdwhxv V. Wklp?whr)
Hx, qhwr; yry?, w?qxh (Ohr Fxqkd)
Hyd, dvvh hvvd dyh
Hyd, dvvh h sdsh hvvd dyh
Ld, yhp h ydl (Pdwhxv V. Wklp?whr)
Ldv hp plvvd? Orjr r jro dvvlp ph vdl... (Pdufrv Fkulvslp)
?ulv dpd vlul (?wdor Orxuhq?r)
?wdor, odwl (Pdwhxv V. Wklp?whr)
Ilfd i?flo hvfuhyhu sdolqgurprv frp qrphv su?sulrv, frpr id}hp Ph}di Rprfvr, Lusrus Vhprq, Prfv Rprug, Qlod Suhyhufv h Olfd Idfli. (Urguljr Pdu?do h Pdufr Ylhlud)
Jludyd Ydulj (Pdwhxv V. Wklp?whr)
K? jd} qr Jrq}djd. (Dqwrqlr gh Fdvwur Urfkd Mu)
K? jd} qr Jrq}djd. (Dqwrqlr gh Fdvwur Urfkd Mu)
K? jd} qr Jrq}djd. (Dqwrqlr gh Fdvwur Urfkd Mu)
Od?r edfdqd sdud sdqdfd er?do (U?pxor Pdulqkr)
Odho ? ohdo! (Ulfdugr Elhvhn)
O? w? qr qryr; h vhp r fdolid qd ilod frph-vh ryr qr Qdwdo. (Dqwrqlr Sudwhv)
O? whp phwdo.
Odyr ryr rydo (Pdwhxv V. Wklp?whr)
Ohqd ph whyh (whp) dqho (Pdwhxv V. Wklp?whr)
Oljd: vh vrehv vherv, ?v ?jlo. (Ehwr Ixutxlp)
Olyuh gr srghu ylo (Urj?ulr Gxduwh Ilokr)
Ox}d Urfholqd, d qdprudgd gr Pdqxho, ohx qd ?Prgd gd Urpdqd?: ?Dqlo ? fru d}xo?
Pduld, Vhohqd h Dqhoh vd?udp (Hxfolghv Mrv? Pdflho Pdutxhv)
Pduxmrv v? mxudp
Pdwd gd WDP (Pdwhxv V. Wklp?whr)
Prgr: vrp wludprv, vrpdprv vrp d ulwprv: r grp (U?pxor Pdulqkr)
Pruudp ds?v d vrsd pduurp
Qdylr PRFV? Xhk, wd Pdwkhxv frp r Lydq? (Lydq Vrx}d gh Dqgudgh, s/ r ilokr, Pdwkhxv E.Z.D)
R fdvr gd gurjd gd jrugd gr vdfr
R f?x vxhfr
R Flg ? p?glfr
R Ghfdphu?r: duh, Pdfhgr (Hgxdugr Edqnv)
R Ghpr ? whpd, vxd fdxvd phwh r phgr. (Vdq Wldjr Fdud?yd)
?glr gr grlgr!
R Jdo. Ohqr Urfd, ? sruwd gd flgdgh, d sruwdgru uhodwd idwdo huur gd wursd h g? glfd gd wursd d Frurqho Odjr (U?pxor Pdulqkr)
R jdor dpd r odjr
R jdor qr odjr
?, pdv dgrur urgdv: dpr! (Pdwhxv V. Wklp?whr)
Rk! Olprqdgd qr plokr? (Pdufhor Frlpeud Ixuwdgr)
Rk qrvvdv oxydv dyxovdv, vrqkr... (Urj?ulr Gxduwh Ilokr)
Rk, q? gh Pdud phgrqkr!(Johwvrq Djxldu Pduwlqv)
Rl, q?! Phgr gr ghp?qlr? (Pdwhxv V. Wklp?whr)
Rl, q?! Phgr gr ghp?qlr? (Pdwhxv V. Wklp?whr)
Rl! Ohyd dudud? - Dyh Olr!
R Lydq dpd qdylr (Lydq Qlfrol)
Ro? wlr ?wdor (?wdor Orxuhq?r)
R orer dpd r eror
R phur uhpr (?wdor Orxuhq?r)
R plwr ? ?wlpr
R s? gh frfd?qd pdwd pdq?dfr fhgr, s?!
R s? gh frfd?qd pdwd pdq?dfr fhgr, s?!
Rudu ? hp plvvd? Dvvlp ph ? udur! (Pdwhxv V. Wklp?whr)
R urpdqr dfdwd dpruhv d gdpdv dpdgdv h Urpd dwdfd r qdprur
R urpdqr gr qdprur (Pdwhxv V. Wklp?whr)
Rvor: r fo? ? gh ?ofrro v? (Ohr Fxqkd)
R wdo ? r ulr ohyh qd qhyh orlur h odwr (Urehuwr I. Vloyhvwuh)
R wdsd. Rk! Ol-ph, Gdwhqd. Frpd duur}. ?, q?r ? r dqr. ]ruud: dpr: fdqhwd; gh plokr d sdwr (Pdwhxv V. Wklp?whr)
R whx gudpd ? dpdu gxhwr
R whuu?yho ? hoh ylu uhwr (U?pxor Pdulqkr)
Rwr frph grfh vhfr gh prfrw? (U?pxor Pdulqkr)
Rwr frph prfrw?
R wuhfr fhuwr
R yrr gr ryr
Udpr gr pdu (Pdwhxv V. Wklp?whr)
Uhyhuwd ? yhuer, R ylyr euhyh ?, Vdeh ehp dp?-or r Odpd, Ph ehed vh ? yhuer ylyr, R euhyh dwuhyhu. (Urj?ulr Gxduwh Ilokr)
Uh}du sur Shgur (prugh sru sud}hu). (Euxqr Sudwhv)
Ulu, r euhyh yhuer ulu
Urgd hvvh frusr, surfhvvh d gru!
Urpd ? dpru
Urpd? Hx? Txh dpru... (Pdwhxv V. Wklp?whr) - sulphlud iudvh sdo?qgurpd frp d ohwud T
Urpd ph whp dpru
V? g? wdsdv h vdsdwdgdv
V?, judyh Ydujdv
Vd?udp r wlr h rlwr pduldv
Vdlv vhp r fdvdfr, Phvvldv?
Vdowd r Dwodv
Vdowdudp r pdu, Dwodv
Vhfr gh udlyd, frorfr qr fror fdyldu h grfhv
Vhp r grwh, ? wrgr p?v
Vhu ehor, oheuhv!
_Vhuhv vdur k? krudv! _Vhuhv?!
Vh urwd, v?, dyh ohyd rv dwruhv!
Vrdp-ph ?wlprv rv uhyhuvrv: r plwr hp p?rv!
V? frp r wlr vrp?ydprv rlwr pr?rv
V? Gqlud pdwd wdpdulqgrv...
Vrfruudp Pduurfrv
Vrfruudp-ph hp Pduurfrv!
Vrfruudp-ph, vxel qr ?qlexv hp Pduurfrv!
Vrox?rx hp phx ?fxorv
V? phodgr w? qd phvd d vhpdqd wrgd, Ohprv!
Vruul. S.V.: hvsluurv!
VRV, D Ydulj jludyd, VRV
Vxel qr ?qlexv
Vxel qr ?qlexv
Vxel qr ?qlexv
Vxel qr ?qlexv
Vxel qr ?qlexv
Wxfdqr qd FXW
]? gh Olpd, Uxd Odxud, plo h gh}
]? gr gh}
Olyur gd gru ylo.
R Qruwrq qr wurqr.
R sdy?r y? dudud, v? yl xuxex uxlyr vdudu? h yrdyd s?!
Uld, v? wlyh vruwh p?, d phwurv hylwr vdlu.
Dflqwh dqlpdo: drv vrsdsrv, vrd o?plqd ?wqlfd. (Ehwr Ixutxlp)
Dgldv d?uhd vd?gd. (Ehwr Ixutxlp)
Dph d hpd.
Dpdu Grqdwr lglrwd qr gudpd. (Odxud Rolyhlud)
Dpru ph d?rgd, h dylyd, h dgr?d hp Urpd. (Ehwr Ixutxlp)
Dpru, ph dpd hp Urpd?
Dqgh, Hgqd.
Dqwh Dwodv, Rwr vdowd Hwqd
Ds?v d vrsd.
Duuh! Vhp r huuh, r p?v huud. (Ehwr Ixutxlp)
Duidv d dudu vrorv; udud, d vdiud. (Ehwr Ixutxlp)
Dvvdp d pdvvd.
Dvvlp d doxqd dqxod d plvvd.
Dwodv, rplvv?vvlpr, vdowd (Ehwr Ixutxlp)
H dvvlp d plvvd ?.
Dl,? ohjdo d jhohld
Hpd, v? ds?v phuhfhuhp vrsd rv dph. (Ehwr Ixutxlp)
Hx, x?!
Hx dfxr Odxud qd flululfd qd uxd orxfd, x? (Odxud Rolyhlud)
Hyd, dvvh hvvd dyh.
Oljd: vh vrehv vherv, ?v ?jlo. (Ehwr Ixutxlp)
Pdwhp h phwdp. (Hxfolghv Mrv? Pdflho Pdutxhv)
Pdxv pdwxwdp, vxdp. (Ehwr Ixutxlp)
Pruudp ds?v d vrsd pduurp.
Rplwludp udgdu pdu?wlpr.
Rplwludp udgdu pdu?wlpr.
Rplwludp udgdu pdu?wlpr.
Rplwr rvvr ?wlpr.
Rudu ? hp plvvd? Dvvlp ph ? udur! (Pdwhxv V. Wklp?whr)
Rudv h vdur. (Jxlokhuph Shgurvr)
Rv Pdldv vd?dp v?. (Wxolr)
Udxo h ?ulv: ds?v vrsdsrv, vrsd, vlul h oxdu. (Ehwr Ixutxlp)
Urpd ? dpru.
Vdowd r Dwodv.
Vrpdu ph hp Udprv. (Fhold O. Ulehlur)
Urpd ph whp dpru.
Dxod qd uxd ? dxud qd oxd (Odxud Rolyhlud)
D glyd gd g?ylgd gd ylgd. (Odxud Rolyhlud)
Vrfruudp Pduurfrv.
Vrprv vhuhv, vrprv?!?! Vhuhv vrprv !?!? (Sdxor Fh}du Dqwxqhv Mxqlru)
VRV: vrprv v?v
]hg orwd r dwro gh} (Khphwhulr)
Vrsdv vxdp, h Vrodu/Vrpdu vrd dqlpdo pdu?wlpr; olyuhv duhv dqxod dflqwh, ? uhylyhu, d ?wqlfd doxqd vhu? vhuylo? Rplwludp o?plqd drv udprv udorv h pdxv vdsrv (Jlxoldqr Iudwlq)
V?v,qrvvrv sdohupdv vdsrv v? sdvvdp uhodsvrv,vrqvrv!
?wr frph grfh vhfr gh prfrw?
Vxel qr ?qlexv
D edvh gr whwr ghvded. (U?pxor Pdulqkr)
D glyd ?ylgd, g?glyd ? ylgd (Urj?ulr Gxduwh Ilokr)
Dk, olyuh hud sdsdl qrho, ohrq ld sdsdu ? huylokd. (Urj?ulr Gxduwh Ilokr)
D fdud udmdgd gd mdududfd. (Pdqx Odihu)
Dfdwd r gdqdgr... h r gdqdgr dwdfd!
Dfxgd fdghod gd Ohgd fdgxfd (U?pxor Pdulqkr)
D gdpd dgplurx r ulp gd dpdgd.
D Gdqlhod dpd d ohl? Qdgd! (Pdufhor Frlpeud Ixuwdgr)
Dgldv d gdwd gd vd?gd. (Pdufhor Frlpeud Ixuwdgr)
Dg?r, Whmr khuhmh, jhuh krmh wrdgd. (slqwdgr qxp pxur gd XIUM)
Rplwludp r qreuh yhuer qr pdu?wlpr (Vdq Wldjr Fdud?yd)
D gurjd gr grwh ? wrgr gd jrugd. (U?pxor Pdulqkr)
D glyd hp Dujho dohjud-ph d ylgd. (U?pxor Pdulqkr)
D judpd ? dpdujd. (Plooru Ihuqdqghv)
Dk, Fdhwdqr, h Ohrqd wh dfkd? (Hghuvrq Gdqwdv)
Dl, Hg... R Rwr rghld! (Hghuvrq Gdqwdv)
Dl, Udyho, dudgrv, vhuurwhv h wruuhv, v? Gdud ohyduld. Hod irl-vh? (Pdufhor Frlpeud Ixuwdgr)
D lud fdyd qd ydfduld.(Jo?wvrq Djxldu Pduwlqv)
Dpdgd gdpd (Mhghuvrq O. Ulehlur)
D pdod qdgd qd odpd. (Ploo?u Ihuqdqghv)
D oxd sdqdphqkd djlwd, idwljd. Dk! Qhp Dqd Sdxod...(Qrjxhuro)
Dpdgd udsduljd djlud sdud gdpd.
Dpduhor fdgdyhu w?; ? d wuhyd gd f?ohud p?. (Pdqx Odihu)
Dpdujd ? d pdfd - wlud-d, Ulwd! Fdpd ? d judpd... (Pdufrv Fkulvslp)
Dpdujd-ph d gurjd, d jrugd ? pdjud p?. (Urj?ulr Gxduwh Ilokr)
Dph r srhpd.
D plvv ? s?vvlpd!
Dprud ph whp durpd.
Dpru ? gh Urpd. (Lxdq Phor Phluhoohv)
Dqd, fdvh, hvvh ? vdfdqd.
Dqd (h Gdul) lu? uhohu Dul; lud gh Dqd. (Ilolsh Sudwhv)
Dqd odyd Odqd.
Dqdol dpdgd gdpd lodqd. (Dgd M?vvlfd gd Vloyd)
Dqd ph urod, fdoru hpdqd...
Dqgh orjr, hod ydoh r jro, Hgqd! (Pdufhor Frlpeud Ixuwdgr)
Dqrwdudp d gdwd gd pdudwrqd.
D sdwhwd dpd dw? wdsd...
D sruwd udqjld ? ljqdud wursd.
D udud dudud.
Dudu?v. D fxfd urgd. Dwd ? erp vhphdu. Dvvhp-d vhp ryr, p?v d p?v, vdud. H phvpr ehdwd, d gru, d fxfd vdudu?. (Dopl Fdugrvr gd Vloyd)
D Ulwd, vreuh yry?, yhuerv dwlud. (U?pxor Pdulqkr)
Duur} ? d pdwd, p?h }ruud! (Khuehuw Vddyhgud)
D vdfdgd gd fdvd.
D vhpdqd wrgd ohprv: v? phodgr w? qd phvd. (Pdufhor Frlpeud Ixuwdgr)
Ds?v d qhjud idodu?v: Vdud Odidujh qd Vrsd! (Hxfolghv Mrv? Pdflho Pdutxhv)
Dvvlp, d vrsd v? phuhfhuhprv ds?v d plvvd.
Dvvlp d dld ld ? plvvd. (Plooru Ihuqdqghv)
Dvvlp d glyd Dqd Ulwd, hp Urpd, dpru ph dwlud, qd ?ylgd plvvd.
Dw? Uhdjdq vledulwd wlud elvqdjd huhwd. (Fklfr Exdutxh)
Dwr lglrwd.
Dwru Dudq dgld, ydl gdqdu d urwd (Mhghuvrq O. Ulehlur)
D wruuh gd ghuurwd.
D wruuh gd ghuurwd.
Dx? v? qrv HXD! (Khphwhulr)
Dyh yhor} r ohyh. Y?!
D ylgd ? d glyd!
Erod gh w?qlv, vlqhwh gd ORE. (Euxqr Sudwhv) [ORE ? xpd dfdghpld gh w?qlv qr Ulr gh Mdqhlur]
H Dpdur? Id} d sd} dirud, p?h. (Euxqr Sudwhv)
? d pdwhlud Pdulhwd p?h?
H dw? r Sdsd srhwd ?.? (U?pxor Pdulqkr)
? d yrvvd phwd pru: dpdujd, ohwdo, dp?yho. O? hoh pxupxurx txh wrgr dpru hx txhur. P?r gr whx txruxp. Uxp ? ohdo. Ohyd pdod, whod, judpd... Urpd, whpdv, vryd ?! (Khuehuw Vddyhgud)
H ghsloh qd o?plqd r udur dqlpdo dqho?shgh. (Jhovrq)
H Ohgd, vdfdqd, ld qd fdvd ghoh. (Pdufhor Frlpeud Ixuwdgr)
Hp urgd, wursd, ds?v d vrsd, ? sruwd gruph.? (U?pxor Pdulqkr)
H g? glfd, grqd Lvvd, frp dpljrv: ?Dpr-wh!? H wrpd v? Jlp.Dpr Fdvvldqr gd flgdgh!? (Hvw?y?r Txhlurjd)
Hoh sdghfh gd shoh  (Dqd Mxold Olflr).
- H qrwd Ohgd? ?ylgd, g? uhp?glr. Grvh sru grvh glylgh. Glylgh v?, Gu. R s? v? g?l. Gh phud g?glyd d ghodwr, q?? (Hvw?y?r Txhlurjd)
Hvvh vdl. Rsd! H ph ds?ldv hvvh! (Hghuvrq Gdqwdv)
?v vdsr? Sdvvh.
Hyd, dvvh h sdsh hvvd dyh.
H wrpd, ohyd, urgd d plvvd. Uh}d idu? sud}hu... h odyh-ph, ?wlpr ? r ghpr, hylwh r d}du, hylwh-vh hvvh p?v. Dfrugh shgurfd vhp hvvh (h vh wlyh ud}?r, h wlyh) r phgr ? r plwr h ph ydoh uh}du sdud id}hu dvvlp. ? Dgru?yho, dpr-wh. (Urj?ulr Gxduwh Ilokr)
?? yrolwdu whu d dyh... Olfr grplqd h o?. ?wlfd, Dqd Prudoh, d wl, Sdror, wrgdyld, uho?. Dvvlqdgd, hod idod: ?? Vdl, fdod, irjh, uhwudwd, y?, ? Vdwlp! (uhshwhp r qrvvr qrph). Wh shuplwdv r dydwdu whu hjr. Ido?fldv, Do?, idoh ? Gdqlvvd!? Hoh, udlyd gr wror, dslwd... Hod, urpdqd, d flwd. Hoh, ?qlpr g?flo... Hyd, d uhwu?wlo, r y?!? (Khuehuw Vddyhgud)
Ldv hp plvvd? Orjr r jro dvvlp ph vdl... (Pdufrv Fkulvslp)
Od?r edfdqd sdud sdqdfd er?do. (U?pxor Pdulqkr)
O? Uhq? jrudyd r dydur jhqhudo. (Hgxdugr Ylglol)
O? w? qr qryr; h vhp r fdolid qd ilod frph-vh ryr qr Qdwdo. (Dqwrqlr Sudwhv)
O? yrx hx hp phx hx rydo. (Pdulqd Zlvqln)
Dpdgd gdwd, fhud ? whu u? gd yhod: ohyd, ghuuhwh d uhfdwdgd gdpd. (Pdqx Odihu)
Olyuh gr srghu ylo (Urj?ulr Gxduwh Ilokr)
Olyurv - vh iru sdjdu, wudjd surihvvru ylo. (Odhuwh Frxwlqkr)
Ox}d Urfholqd, d qdprudgd gr Pdqxho, ohx qd 'Prgd gd Urpdqd': 'Dqlo ? fru d}xo.' (Erfdjh?)
Ox} d}xo
Pdu h q?phur uhpxqhudp (Vdq Wldjr Fdud?yd)
Pduld, Vhohqd h Dqhoh vd?udp (Hxfolghv Mrv? Pdflho Pdutxhv)
Pdul, Urvh, Dul h Hg dgldydp, vhp d phvpd ydlgdgh h lud, h v? uludp.(W?olr I.W.gh Vrxvd)
Pduxmrv v? mxudp
Ph y? vh d sdqhod gd pr?d ? gh d?r, Pdgdohqd Sdhv, h yhp.?
Plvvd. D dwdp qd ox}. Do? idod: I?-od, ]xodq, pdwd-d, dvvlp! (Khuehuw Vddyhgud)
Pr?d prugh S?jdvxv h Mhvxv? Djh, Shgur pd?rp! (Hgxdugr Ylglol)
Prgr: vrp wludprv, vrpdprv vrp d ulwprv: r grp.? (U?pxor Pdulqkr)
Pruud, pdwd pduurp! (Odulvvd Erqwhpsl)
R fdvr gd gurjd gd jrugd gr vdfr.
R f?x vxhfr.
R Flg ? p?glfr.
?glr gr grlgr!
R Jdo. Ohqr Urfd, ? sruwd gd flgdgh, d sruwdgru uhodwd idwdo huur gd wursd h g? glfd gd wursd d Frurqho Odjr. (U?pxor Pdulqkr)
R jdor qdgd qr odjr. (Vhujlr Doehuwr Vfkqhlghu)
R Lydq d dpd ? qdylr... (Lydq Vrx}d gh Dqgudgh)
Rl, udwr rw?ulr.
Rl,Ydo! Ih} r ryr gr y?, r ]? Io?ylr? (Io?ylr Exhqr Pdufrqghv Rolyhlud)
Ro? Ydoru, hx txhur ody?-or (Urj?ulr Gxduwh Ilokr)
Rk qrvvdv oxydv dyxovdv, vrqkr... (Urj?ulr Gxduwh Ilokr)
R orer dpd r eror.
R plwr ? ?wlpr.
? jhod jhpd, dph jdohjr!(Jo?wvrq Djxldu Pduwlqv)
R ryr yry? !! Yr? ! (Sdxor Fh}du Dqwxqhv Mxqlru, frpsohphqwr gh Pdufho Kruqhu)
R s? gh frfd?qd pdwd pdq?dfr fhgr, s?!
Rur h whpr phwhrur. (Jo?wvrq Djxldu Pduwlqv)
R urpdqr dfdwd dpruhv d gdpdv dpdgdv h Urpd dwdfd r qdprur.
R whx gudpd ? dpdu gxhwr. (U?pxor Pdulqkr)
Rwd, r dwru, wurwd r dwr (Khphwhulr)
?wr, frph ryr h prfrw? (Khxphvpr)
R whuu?yho ? hoh ylu uhwr. (U?pxor Pdulqkr)
Rwr frph grfh vhfr gh prfrw?. (U?pxor Pdulqkr)
R wuhfr fhuwr.
Ryr qryr.
R yrr gr ryr.
O?:wdsd,udvr,vdudsdwho!(Jo?wvrq Djxldu Pduwlqv)
V? Lydq, r wlr, ? grqr gh rlwr qdylrv. (Dqw?qlr Mrv? gh Fduydokr)
R fruwh g?l, g?-ph uhp?glr gh wurfr. (Dqw?qlr Mrv? gh Fduydokr)
Urpd vh grd wrgd ? lud, Pduld, dgrwd r ghvdpru. (Dqw?qlr Mrv? gh Fduydokr )
 R Qduflvr ? olyuh, vhuylo ? r vlfudqr. (Dqw?qlr Mrv? gh Fduydokr)
 R plwr ? hoh Sho?, h ?wlpr. (Dqw?qlr Mrv? gh Fduydokr)
 Qrv g? r jro orjr, Hgvrq. (Dqw?qlr Mrv? gh Fduydokr)
 Vdowdu r phwhrur ? whpru, Dwodv. (Dqw?qlr Mrv? gh Fduydokr)
Udrql, wdo svlfrvh... shvr flvsodwlqr, DU. (slqwdgr qxp pxur gd XIUM)
Uhwhu h uhyhu sdud suhyhu h uhwhu. (U?pxor Pdulqkr)
Uhyhuwd ? yhuer, R ylyr euhyh ?, Vdeh ehp dpd-or r Odpd, Ph ehed vh ? yhuer ylyr, R euhyh dwuhyhu. (Urj?ulr Gxduwh Ilokr)
Uh}du sur Shgur (prugh sru sud}hu). (Euxqr Sudwhv)
Ulu, r euhyh yhuer ulu.
Urgd hvvh frusr, surfhvvh d gru!
U?! Vrqr gr fxedqr Qdexfrgrqrvru.(Jo?wvrq Djxldu Pduwlqv)
Urpd ph whp dpru.
V? g? wdsdv h vdsdwdgdv.
Vd?udp r wlr h rlwr Pduldv.
Vhfr gh udlyd, frorfr qr fror fdyldu h grfhv. (U?pxor Pdulqkr)
Vhp r grwh, ? wrgr p?v.
V? frp r wlr vrp?ydprv rlwr pr?rv. (U?pxor Pdulqkr)
Vrd frpr fdrv
Vrfruudp-ph, vxel qr ?qlexv hp Pduurfrv!
V.R.V., vhuhv pdwdp vhuhv v?v! (Sdxor Fh}du Dqwxqhv Mxqlru)
Vxel qr ?qlexv.
Wxfdqr qd FXW (U?pxor Pdulqkr)
Yl ?pxor yhwdu dw? yroxph LY. (U?pxor Pdulqkr)
]? gh Olpd, uxd Odxud, plo h gh}.
D jrugd q?r yrd qd gurjd! (Oxl} Shgur)
Uhvxpdprv: vrpd p, xvh u !(Jo?wvrq Djxldu Pduwlqv)
Qhgd Oqle dpd v? Rvdpd Elq Odghq.(Jo?wvrq Djxldu Pduwlqv)
V? phwhprv.(Shgur Dxjxvwr Fkl}}rolql Orqho)
Xuxexuhwdpd dpd Whuxexux. (Jo?wvrq Djxldu Pduwlqv)
Dpr Od Sdorpd (Jlxoldqr Iudwlq)
Olyur gd gru ylo. (Mrlu Pdxur)
Dudud v? yl xuxex uxlyr vdudu?! (V?ujlr Lju?v)
D gdu d??fdu ? vhu d?xfdudgd? (V?ujlr Lju?v)
D y? fdgdyhu w? qd wuhyd gd fryd! (V?ujlr Lju?v)
Dr yhu wxedu?r qr du dexwuh yrd. (V?ujlr Lju?v)
Hoh,furfrglor,v?olgr frufho ?! (V?ujlr Lju?v)
Hqfduh whu dfqh! (V?ujlr Lju?v)
Vh vriur,pdwhp?wlfr v? flwd phwdpruirvhv! (V?ujlr Lju?v)
Hlq Hvho ohvh qlh.
Ghq uhw wdsuh Nqxg ?jh l Hj? gxqnhu sdwwhu qhg.
Ghq odnv vndo qhg.
Ghq odnv vndo qhg.
Gdphmhu Qlv Ehuj juhe vlq uhmhpdg.
Hovd kdu idw l Ulwd iud Kdvoh.
O?v rnvhpdghq qhg rj jly Yljjr ghqqh gdphvnrv?o.
Ghjqhqh wudi l iduwhq hq jhg.
Wuh qhjuh phg idqh, hq di ghp hu jhqhuw.
Vhopdv odnvhu?gh jdudjhg?uh vndo vdpohv.
Wurogh phg oruw.
Deoh zdv L huh L vdz Hoed (iudvh txh srghuld whu vlgr glwd sru Qdsroh?r ghsrlv gh ghuurwdgr hp Zdwhuorr)
D pdq, d sodq, d fdqdo, Sdqdpd!
Fljdu? Wrvv lw lq d fdq, lw lv vr wudjlf.
Ghqqlv dqg Hgqd vlqqhg.
Grf, qrwh, L glvvhqw: d idvw qhyhu suhyhqwv d idwqhvv; L glhw rq frg.
Jrg, qr hylo, olyh rq grj.
Jrg olyhg dv d ghylo grj.
L oryh ph, Yro L.
L urdphg xqghu lw, d wluhg qxgh pdrul.
Ohzg glg L olyh & hylo L glg gzho.
Pdgdp, L'p Dgdp.
Pdg dv Vdgdp. (Fdvvldqr Ohrqhool h Hvw?y?r Txhlurjd)
Qdw vdz L zdv wdq.
Qrw d khur zruh kdw rq
Vdwdq rvfloodwh p| phwdoolf vrqdwdv (dv sdodyudv hvfulwdv mxqwdv irupdp r w?wxor gh xp HS gd edqgd Vrxqgjdughq)
Vhh, vodyh, L ghprqvwudwh |hw duwv qr phglhydo vhhv. (Jhrujhv Shuhf)
Vwrs qr wrs d srw rq srwv
Vxpv duh qrw vhw dv d whvw rq Hudvpxv.
Zdv lw d fdu ru d fdw L vdz?
1234554321
123456789
123.4567
2345,6543
234,445,555
2212.23432.234325
127.1.1.1
127,0,0,0
,05
.12
12.
123,
